Unity Editor version:    2022.3.62f3 (96770f904ca7)
Branch:                  2022.3/respin/2022.3.62f2-4af31df585-v2
Build type:              Release
Batch mode:              YES
macOS version:           Version 14.4 (Build 23E214)
Darwin version:          23.4.0
Architecture:            arm64
Running under Rosetta:   NO
Available memory:        18432 MB
Using pre-set license
Pro License: YES

COMMAND LINE ARGUMENTS:
/Applications/Unity/Hub/Editor/2022.3.62f3/Unity.app/Contents/MacOS/Unity
-adb2
-batchMode
-noUpm
-name
AssetImportWorker0
-projectPath
/Users/darigaborasheva/new
-logFile
Logs/AssetImportWorker0.log
-srvPort
50561
Successfully changed project path to: /Users/darigaborasheva/new
/Users/darigaborasheva/new
[UnityMemory] Configuration Parameters - Can be set up in boot.config
    "memorysetup-bucket-allocator-granularity=16"
    "memorysetup-bucket-allocator-bucket-count=8"
    "memorysetup-bucket-allocator-block-size=33554432"
    "memorysetup-bucket-allocator-block-count=8"
    "memorysetup-main-allocator-block-size=16777216"
    "memorysetup-thread-allocator-block-size=16777216"
    "memorysetup-gfx-main-allocator-block-size=16777216"
    "memorysetup-gfx-thread-allocator-block-size=16777216"
    "memorysetup-cache-allocator-block-size=4194304"
    "memorysetup-typetree-allocator-block-size=2097152"
    "memorysetup-profiler-bucket-allocator-granularity=16"
    "memorysetup-profiler-bucket-allocator-bucket-count=8"
    "memorysetup-profiler-bucket-allocator-block-size=33554432"
    "memorysetup-profiler-bucket-allocator-block-count=8"
    "memorysetup-profiler-allocator-block-size=16777216"
    "memorysetup-profiler-editor-allocator-block-size=1048576"
    "memorysetup-temp-allocator-size-main=16777216"
    "memorysetup-job-temp-allocator-block-size=2097152"
    "memorysetup-job-temp-allocator-block-size-background=1048576"
    "memorysetup-job-temp-allocator-reduction-small-platforms=262144"
    "memorysetup-allocator-temp-initial-block-size-main=262144"
    "memorysetup-allocator-temp-initial-block-size-worker=262144"
    "memorysetup-temp-allocator-size-background-worker=32768"
    "memorysetup-temp-allocator-size-job-worker=262144"
    "memorysetup-temp-allocator-size-preload-manager=33554432"
    "memorysetup-temp-allocator-size-nav-mesh-worker=65536"
    "memorysetup-temp-allocator-size-audio-worker=65536"
    "memorysetup-temp-allocator-size-cloud-worker=32768"
    "memorysetup-temp-allocator-size-gi-baking-worker=262144"
    "memorysetup-temp-allocator-size-gfx=262144"
Player connection [8475359936]  Target information:

Player connection [8475359936]  * "[IP] 192.168.0.123 [Port] 0 [Flags] 2 [Guid] 2195146297 [EditorId] 2195146297 [Version] 1048832 [Id] OSXEditor(0,MacBook-Pro-Dariga.local) [Debug] 1 [PackageName] OSXEditor [ProjectName] Editor" 

Player connection [8475359936] Host joined multi-casting on [225.0.0.222:54997]...
Player connection [8475359936] Host joined alternative multi-casting on [225.0.0.222:34997]...
Input System module state changed to: Initialized.
[PhysX] Initialized MultithreadedTaskDispatcher with 11 workers.
Refreshing native plugins compatible for Editor in 3.30 ms, found 3 plugins.
Preloading 0 native plugins for Editor in 0.00 ms.
Initialize engine version: 2022.3.62f3 (96770f904ca7)
[Subsystems] Discovering subsystems at path /Applications/Unity/Hub/Editor/2022.3.62f3/Unity.app/Contents/Resources/UnitySubsystems
[Subsystems] Discovering subsystems at path /Users/darigaborasheva/new/Assets
GfxDevice: creating device client; threaded=0; jobified=0
 preferred device: Apple M3 Pro (high power)
Metal devices available: 1
0: Apple M3 Pro (high power)
Using device Apple M3 Pro (high power)
Initializing Metal device caps: Apple M3 Pro
Initialize mono
Mono path[0] = '/Applications/Unity/Hub/Editor/2022.3.62f3/Unity.app/Contents/Managed'
Mono path[1] = '/Applications/Unity/Hub/Editor/2022.3.62f3/Unity.app/Contents/MonoBleedingEdge/lib/mono/unityjit-macos'
Mono config path = '/Applications/Unity/Hub/Editor/2022.3.62f3/Unity.app/Contents/MonoBleedingEdge/etc'
Using monoOptions --debugger-agent=transport=dt_socket,embedding=1,server=y,suspend=n,address=127.0.0.1:56030
Begin MonoManager ReloadAssembly
Registering precompiled unity dll's ...
Register platform support module: /Applications/Unity/Hub/Editor/2022.3.62f3/Unity.app/Contents/PlaybackEngines/MacStandaloneSupport/UnityEditor.OSXStandalone.Extensions.dll
Register platform support module: /Applications/Unity/Hub/Editor/2022.3.62f3/PlaybackEngines/AndroidPlayer/UnityEditor.Android.Extensions.dll
Registered in 0.000817 seconds.
- Loaded All Assemblies, in  0.158 seconds
Native extension for Android target not found
Android Extension - Scanning For ADB Devices 52 ms
Native extension for OSXStandalone target not found
Mono: successfully reloaded assembly
- Finished resetting the current domain, in  0.198 seconds
Domain Reload Profiling: 356ms
	BeginReloadAssembly (36ms)
		ExecutionOrderSort (0ms)
		DisableScriptedObjects (0ms)
		BackupInstance (0ms)
		ReleaseScriptingObjects (0ms)
		CreateAndSetChildDomain (0ms)
	RebuildCommonClasses (18ms)
	RebuildNativeTypeToScriptingClass (6ms)
	initialDomainReloadingComplete (22ms)
	LoadAllAssembliesAndSetupDomain (75ms)
		LoadAssemblies (36ms)
		RebuildTransferFunctionScriptingTraits (0ms)
		AnalyzeDomain (75ms)
			TypeCache.Refresh (74ms)
				TypeCache.ScanAssembly (67ms)
			ScanForSourceGeneratedMonoScriptInfo (0ms)
			ResolveRequiredComponents (0ms)
	FinalizeReload (198ms)
		ReleaseScriptCaches (0ms)
		RebuildScriptCaches (0ms)
		SetupLoadedEditorAssemblies (174ms)
			LogAssemblyErrors (0ms)
			InitializePlatformSupportModulesInManaged (104ms)
			SetLoadedEditorAssemblies (2ms)
			RefreshPlugins (0ms)
			BeforeProcessingInitializeOnLoad (1ms)
			ProcessInitializeOnLoadAttributes (48ms)
			ProcessInitializeOnLoadMethodAttributes (19ms)
			AfterProcessingInitializeOnLoad (0ms)
			EditorAssembliesLoaded (0ms)
		ExecutionOrderSort2 (0ms)
		AwakeInstancesAfterBackupRestoration (0ms)
========================================================================
Worker process is ready to serve import requests
Caller must complete domain reload
Begin MonoManager ReloadAssembly
- Loaded All Assemblies, in  0.309 seconds
Native extension for Android target not found
Native extension for OSXStandalone target not found
Mono: successfully reloaded assembly
Package Manager log level set to [2]
[Package Manager] Server::EnsureServerProcessIsRunning -- launch failed, reason: Unity was launched with the -noUpm command-line argument
[Package Manager] UpmClient::Send -- Unable to send message (not connected to UPM process).
[Package Manager] Cannot connect to Unity Package Manager local server
[Package Manager] Server::EnsureServerProcessIsRunning -- launch failed, reason: Unity was launched with the -noUpm command-line argument
[Package Manager] UpmClient::Send -- Unable to send message (not connected to UPM process).
[Package Manager] Cannot connect to Unity Package Manager local server
- Finished resetting the current domain, in  0.299 seconds
Domain Reload Profiling: 608ms
	BeginReloadAssembly (60ms)
		ExecutionOrderSort (0ms)
		DisableScriptedObjects (2ms)
		BackupInstance (0ms)
		ReleaseScriptingObjects (0ms)
		CreateAndSetChildDomain (14ms)
	RebuildCommonClasses (19ms)
	RebuildNativeTypeToScriptingClass (7ms)
	initialDomainReloadingComplete (18ms)
	LoadAllAssembliesAndSetupDomain (206ms)
		LoadAssemblies (112ms)
		RebuildTransferFunctionScriptingTraits (0ms)
		AnalyzeDomain (121ms)
			TypeCache.Refresh (108ms)
				TypeCache.ScanAssembly (97ms)
			ScanForSourceGeneratedMonoScriptInfo (8ms)
			ResolveRequiredComponents (4ms)
	FinalizeReload (299ms)
		ReleaseScriptCaches (0ms)
		RebuildScriptCaches (0ms)
		SetupLoadedEditorAssemblies (207ms)
			LogAssemblyErrors (0ms)
			InitializePlatformSupportModulesInManaged (6ms)
			SetLoadedEditorAssemblies (2ms)
			RefreshPlugins (0ms)
			BeforeProcessingInitializeOnLoad (28ms)
			ProcessInitializeOnLoadAttributes (159ms)
			ProcessInitializeOnLoadMethodAttributes (11ms)
			AfterProcessingInitializeOnLoad (0ms)
			EditorAssembliesLoaded (0ms)
		ExecutionOrderSort2 (0ms)
		AwakeInstancesAfterBackupRestoration (2ms)
Launching external process: /Applications/Unity/Hub/Editor/2022.3.62f3/Unity.app/Contents/Tools/UnityShaderCompiler
Launched and connected shader compiler UnityShaderCompiler after 0.02 seconds
Refreshing native plugins compatible for Editor in 0.84 ms, found 3 plugins.
Preloading 0 native plugins for Editor in 0.00 ms.
Unloading 4746 Unused Serialized files (Serialized files now loaded: 0)
Unloading 24 unused Assets / (50.4 KB). Loaded Objects now: 5214.
Memory consumption went from 159.6 MB to 159.5 MB.
Total: 2.337833 ms (FindLiveObjects: 0.132500 ms CreateObjectMapping: 0.048417 ms MarkObjects: 2.092875 ms  DeleteObjects: 0.063666 ms)

AssetImportParameters requested are different than current active one (requested -> active):
  custom:container-demuxer-ogg: 62fdf1f143b41e24485cea50d1cbac27 -> 
  custom:video-decoder-ogg-theora: a1e56fd34408186e4bbccfd4996cb3dc -> 
  custom:CustomObjectIndexerAttribute: 9a22284fe3817be447336de3de66b15e -> 
  custom:container-demuxer-webm: 4f35f7cbe854078d1ac9338744f61a02 -> 
  custom:container-muxer-webm: aa71ff27fc2769a1b78a27578f13a17b -> 
  custom:video-decoder-webm-vp8: 9c59270c3fd7afecdb556c50c9e8de78 -> 
  custom:SearchIndexIgnoredProperties: e643bd26f0fe6173181afceb89e7c659 -> 
  custom:AudioImporter_EditorPlatform: 3918e3fc78b5a79bad01e8451be0beb8 -> 
  custom:framework-osx-AVFoundation: e770b220cccbd017edd2c1fefb359320 -> 
  custom:video-encoder-webm-vp8: eb34c28f22e8b96e1ab97ce403110664 -> 
  custom:audio-decoder-ogg-vorbis: bf7c407c2cedff20999df2af8eb42d56 -> 
  custom:audio-encoder-webm-vorbis: bf7c407c2cedff20999df2af8eb42d56 -> 
========================================================================
Received Import Request.
  Time since last request: 7668.068166 seconds.
  path: Assets/XRI/Settings/XRInteractionEditorSettings.asset
  artifactKey: Guid(4031a6ec682a840598b7d92989395dc9) Importer(2089858483,0ecaa5967403d082aa24f35e1b516d23)
Start importing Assets/XRI/Settings/XRInteractionEditorSettings.asset using Guid(4031a6ec682a840598b7d92989395dc9) Importer(2089858483,0ecaa5967403d082aa24f35e1b516d23) [PhysX] Initialized MultithreadedTaskDispatcher with 11 workers.
 -> (artifact id: 'acd9d04f5b76d701c096990bdc789cfe') in 0.037019 seconds
Number of updated asset objects reloaded before import = 0
Number of asset objects unloaded after import = 1
========================================================================
Received Import Request.
  Time since last request: 0.000042 seconds.
  path: Assets/Scenes/SampleScene.unity
  artifactKey: Guid(9fc0d4010bbf28b4594072e72b8655ab) Importer(2089858483,0ecaa5967403d082aa24f35e1b516d23)
Start importing Assets/Scenes/SampleScene.unity using Guid(9fc0d4010bbf28b4594072e72b8655ab) Importer(2089858483,0ecaa5967403d082aa24f35e1b516d23) [PhysX] Initialized MultithreadedTaskDispatcher with 11 workers.
 -> (artifact id: '20996bd980f71567ab36f64cd7994abc') in 0.001151 seconds
Number of updated asset objects reloaded before import = 0
Number of asset objects unloaded after import = 1
========================================================================
Received Import Request.
  Time since last request: 0.000123 seconds.
  path: Assets/XRI/Settings/Resources/XRDeviceSimulatorSettings.asset
  artifactKey: Guid(901bcd7d1319b4b278cd3544ef86ead3) Importer(2089858483,0ecaa5967403d082aa24f35e1b516d23)
Start importing Assets/XRI/Settings/Resources/XRDeviceSimulatorSettings.asset using Guid(901bcd7d1319b4b278cd3544ef86ead3) Importer(2089858483,0ecaa5967403d082aa24f35e1b516d23) [PhysX] Initialized MultithreadedTaskDispatcher with 11 workers.
 -> (artifact id: 'eb39f79988dd99b0d8fb65132b13e64a') in 0.006380 seconds
Number of updated asset objects reloaded before import = 0
Number of asset objects unloaded after import = 1
========================================================================
Received Import Request.
  Time since last request: 1.660411 seconds.
  path: Assets/XR
  artifactKey: Guid(6d7533854e69f46af864c15aca3f0f7e) Importer(2089858483,0ecaa5967403d082aa24f35e1b516d23)
Start importing Assets/XR using Guid(6d7533854e69f46af864c15aca3f0f7e) Importer(2089858483,0ecaa5967403d082aa24f35e1b516d23) [PhysX] Initialized MultithreadedTaskDispatcher with 11 workers.
 -> (artifact id: '93f6a2bd35038587e9cc963a4a2d6f71') in 0.007839 seconds
Number of updated asset objects reloaded before import = 0
Number of asset objects unloaded after import = 1
========================================================================
Received Import Request.
  Time since last request: 3.065943 seconds.
  path: Assets/XR/XRGeneralSettingsPerBuildTarget.asset
  artifactKey: Guid(25927849c77634dc195f941ae3637cfc) Importer(2089858483,0ecaa5967403d082aa24f35e1b516d23)
Start importing Assets/XR/XRGeneralSettingsPerBuildTarget.asset using Guid(25927849c77634dc195f941ae3637cfc) Importer(2089858483,0ecaa5967403d082aa24f35e1b516d23) [PhysX] Initialized MultithreadedTaskDispatcher with 11 workers.
 -> (artifact id: '63b3afdda8b69f949b9a5b433580cbc7') in 0.025195 seconds
Number of updated asset objects reloaded before import = 0
Number of asset objects unloaded after import = 5
========================================================================
Received Prepare
Caller must complete domain reload
Begin MonoManager ReloadAssembly
Thread 0x16e0cf000 may have been prematurely finalized
- Loaded All Assemblies, in  0.223 seconds
Native extension for Android target not found
Native extension for OSXStandalone target not found
Mono: successfully reloaded assembly
[Package Manager] Server::EnsureServerProcessIsRunning -- launch failed, reason: Unity was launched with the -noUpm command-line argument
[Package Manager] UpmClient::Send -- Unable to send message (not connected to UPM process).
[Package Manager] Cannot connect to Unity Package Manager local server
- Finished resetting the current domain, in  0.407 seconds
Domain Reload Profiling: 630ms
	BeginReloadAssembly (73ms)
		ExecutionOrderSort (0ms)
		DisableScriptedObjects (2ms)
		BackupInstance (0ms)
		ReleaseScriptingObjects (0ms)
		CreateAndSetChildDomain (26ms)
	RebuildCommonClasses (19ms)
	RebuildNativeTypeToScriptingClass (7ms)
	initialDomainReloadingComplete (11ms)
	LoadAllAssembliesAndSetupDomain (113ms)
		LoadAssemblies (111ms)
		RebuildTransferFunctionScriptingTraits (0ms)
		AnalyzeDomain (27ms)
			TypeCache.Refresh (13ms)
				TypeCache.ScanAssembly (6ms)
			ScanForSourceGeneratedMonoScriptInfo (9ms)
			ResolveRequiredComponents (4ms)
	FinalizeReload (407ms)
		ReleaseScriptCaches (0ms)
		RebuildScriptCaches (0ms)
		SetupLoadedEditorAssemblies (221ms)
			LogAssemblyErrors (0ms)
			InitializePlatformSupportModulesInManaged (6ms)
			SetLoadedEditorAssemblies (2ms)
			RefreshPlugins (0ms)
			BeforeProcessingInitializeOnLoad (31ms)
			ProcessInitializeOnLoadAttributes (165ms)
			ProcessInitializeOnLoadMethodAttributes (16ms)
			AfterProcessingInitializeOnLoad (0ms)
			EditorAssembliesLoaded (0ms)
		ExecutionOrderSort2 (0ms)
		AwakeInstancesAfterBackupRestoration (2ms)
Refreshing native plugins compatible for Editor in 2.73 ms, found 10 plugins.
Preloading 0 native plugins for Editor in 0.00 ms.
Unloading 4917 Unused Serialized files (Serialized files now loaded: 0)
Unloading 69 unused Assets / (57.9 KB). Loaded Objects now: 5345.
Memory consumption went from 169.3 MB to 169.2 MB.
Total: 2.386625 ms (FindLiveObjects: 0.144875 ms CreateObjectMapping: 0.060291 ms MarkObjects: 2.122209 ms  DeleteObjects: 0.058792 ms)

Prepare: number of updated asset objects reloaded= 0
AssetImportParameters requested are different than current active one (requested -> active):
  custom:scripting/monoscript/fileName/DPadInteraction.cs: 93f85c8ba74c4199c8fc9b6e8c6fb8a6 -> 
  custom:scripting/monoscript/fileName/OpenXRFeatureSettingsEditor.cs: 46f7bc9b6667349416d592c92274a2cd -> 
  custom:container-demuxer-ogg: 62fdf1f143b41e24485cea50d1cbac27 -> 
  custom:scripting/monoscript/fileName/UWPCoreWindowBuildHooks.cs: 528ee0545204f8083d130ec04efc78bc -> 
  custom:scripting/monoscript/fileName/OpenXRLoaderBase.cs: 0b6a60b837fc38165e3eaf7aaf2bf3e3 -> 
  custom:scripting/monoscript/fileName/MetaQuestFeatureEditor.cs: fff340053bb2e94334d0d5989f2eb349 -> 
  custom:scripting/monoscript/fileName/PalmPoseInteraction.cs: 6bd25b6029acb9127f25748cb0b6d2a8 -> 
  custom:scripting/precompiled-assembly-types:Unity.XR.OpenXR.Editor: b2a8f17f09055950b7f19e2845cbc5c2 -> 
  custom:scripting/monoscript/fileName/MetaQuestTouchPlusControllerProfile.cs: 4b9439e11567c27c85546e11bafeabe7 -> 
  custom:scripting/monoscript/fileName/OpenXRRuntime.cs: c3a00f9ce6a0283dcb391b83637adf44 -> 
  custom:video-decoder-ogg-theora: a1e56fd34408186e4bbccfd4996cb3dc -> 
  custom:scripting/monoscript/fileName/MetaQuestTouchProControllerProfile.cs: 9fffae235d4c14901711127c7daeb86c -> 
  custom:scripting/monoscript/fileName/OpenXRConstants.cs: f878d042bd3999b796b9387b0c8a1032 -> 
  custom:scripting/monoscript/fileName/OpenXRFeatureUICommon.cs: 45f7a59cd9c5cd84e28e0f7a429879c2 -> 
  custom:scripting/precompiled-assembly-types:Unity.XR.OpenXR.Features.OculusQuestSupport.Editor: c62b8d05b94c435029ef9fc43d7261ca -> 
  custom:scripting/monoscript/fileName/OpenXRLoaderUI.cs: ebd8d704d5e26f054d43886c272cd005 -> 
  custom:scripting/monoscript/fileName/WaitForRestartFinish.cs: 0e76bf389cf347a5d8d6432ec661895f -> 
  custom:scripting/monoscript/fileName/OpenXRFeatureSettings.cs: 90647cc400823b41df847a6cbfc29026 -> 
  custom:scripting/monoscript/fileName/OpenXRBuildProcessor.cs: 48dc0e114f75799c0d74bafe70808189 -> 
  custom:scripting/monoscript/fileName/KHRSimpleControllerProfile.cs: bcdcb81587b2075f7af2f75706b9e69a -> 
  custom:scripting/monoscript/fileName/OpenXRFeatureInternal.cs: 90647cc400823b41df847a6cbfc29026 -> 
  custom:scripting/monoscript/fileName/OpenXRSpaceSettings.cs: 90647cc400823b41df847a6cbfc29026 -> 
  custom:scripting/monoscript/fileName/DPadInteractionCustomEditor.cs: d93785eeae2b4d41d39f603bd6f9849d -> 
  custom:scripting/precompiled-assembly-types:Unity.XR.OpenXR.Features.RuntimeDebugger.Editor: e1cc4b3ad1ade1a1503c3d79a1cfcaf0 -> 
  custom:scripting/monoscript/fileName/ConformanceAutomationFeature.cs: 97112e825fad9ed87f6a9c7acc231c0b -> 
  custom:scripting/monoscript/fileName/FeatureHelpers.cs: 0e8d07707daeed1da30b1605e903226b -> 
  custom:scripting/monoscript/fileName/DebuggerState.cs: 41070b7a08cc178a9ea51324cdaf5b81 -> 
  custom:scripting/precompiled-assembly-types:Unity.XR.OpenXR.Features.MetaQuestSupport.Editor: d29ebede884d38e464c8dad49331ddbf -> 
  custom:scripting/precompiled-assembly-types:Unity.XR.OpenXR.Features.OculusQuestSupport: d15f77eecb71f285045ab68c6a5ab3aa -> 
  custom:CustomObjectIndexerAttribute: 9a22284fe3817be447336de3de66b15e -> 
  custom:scripting/monoscript/fileName/OpenXRHmd.cs: 1624687aa096b40d58d149d9c6304cca -> 
  custom:scripting/monoscript/fileName/OpenXRMangementSettings.cs: 5a013b6c45b1e1d06085cb1496493b86 -> 
  custom:scripting/monoscript/fileName/OculusTouchControllerProfile.cs: 03df51b5c781d1980f509408bae72bc8 -> 
  custom:scripting/monoscript/fileName/OpenXRNativeTypes.cs: 11be60823314f621c1b0bb94bf4fe744 -> 
  custom:container-demuxer-webm: 4f35f7cbe854078d1ac9338744f61a02 -> 
  custom:scripting/monoscript/fileName/KnownFeatureSets.cs: 2cf391597f07a52473981e9cc2b41b67 -> 
  custom:scripting/precompiled-assembly-types:Unity.XR.OpenXR.Features.MockRuntime: e75d918d8106c27865ca5517b4bdd194 -> 
  custom:scripting/monoscript/fileName/OpenXRProjectValidationRulesSetup.cs: 63c520149123eced22b6028c5ebd9d08 -> 
  custom:scripting/monoscript/fileName/MicrosoftHandInteraction.cs: dac920740153b0163dda0f7e56920e40 -> 
  custom:scripting/monoscript/fileName/RuntimeDebuggerWindow.cs: 0bc1d5ee7ce2553d42d62861471f3c44 -> 
  custom:scripting/monoscript/fileName/PackageSettingsEditor.cs: 6212fddebb8f67c4da0f50592230839b -> 
  custom:scripting/monoscript/fileName/OpenXRFeature.cs: a84888103ea4406f238a41c42d12d002 -> 
  custom:container-muxer-webm: aa71ff27fc2769a1b78a27578f13a17b -> 
  custom:scripting/precompiled-assembly-types:Unity.XR.OpenXR: 6b540efea7d7bcf04b31853b4d2f54c0 -> 
  custom:scripting/monoscript/fileName/OpenXRLoader.cs: 2a03893d4aa4b960c2f49090b4b03a7b -> 
  custom:scripting/monoscript/fileName/ValveIndexControllerProfile.cs: f923b1771c835a70375d3505e818878d -> 
  custom:scripting/monoscript/fileName/OculusQuestFeatureEditor.cs: af70b82209b4cf6ce20a2da2892dfc5f -> 
  custom:video-decoder-webm-vp8: 9c59270c3fd7afecdb556c50c9e8de78 -> 
  custom:scripting/monoscript/fileName/OpenXRChooseRuntimeLibraries.cs: 3923c2f1337a35d737ad0192eb46b432 -> 
  custom:scripting/monoscript/fileName/OculusQuestFeature.cs: 041c3418dd65b8e99ca410c708996814 -> 
  custom:scripting/monoscript/fileName/OpenXRFeatureSetManager.cs: 4f340a53d115a7e1888d00ddc4cd614b -> 
  custom:scripting/monoscript/fileName/OpenXRColorSubmissonModeList.cs: 62c3c48199b3c893ece86757b75b0604 -> 
  custom:scripting/monoscript/fileName/OpenXRUtility.cs: af9b8bca68ffa2bc69f78ec0da9cf1fd -> 
  custom:SearchIndexIgnoredProperties: e643bd26f0fe6173181afceb89e7c659 -> 
  custom:AudioImporter_EditorPlatform: 3918e3fc78b5a79bad01e8451be0beb8 -> 
  custom:scripting/monoscript/fileName/MockRuntime.cs: 8e970d93da4762c7d57e9c9dd2b36dbb -> 
  custom:scripting/monoscript/fileName/OpenXRDevice.cs: 1b3be9b024fb29351711164fb0577202 -> 
  custom:scripting/monoscript/fileName/OpenXRUnityAPI.cs: 95d0f03221767acb8a4a43279af12154 -> 
  custom:scripting/monoscript/fileName/HTCViveControllerProfile.cs: 575b921c71649e99576a05f0add9cf5d -> 
  custom:scripting/monoscript/fileName/BootConfigBuilder.cs: a174d8870c7a69fabc7d42a75b0f23aa -> 
  custom:scripting/precompiled-assembly-types:Unity.XR.OpenXR.Features.RuntimeDebugger: 81fc02b8029ab9c0bce4eaa33a13e7d8 -> 
  custom:scripting/monoscript/fileName/OpenXRRenderSettings.cs: 90647cc400823b41df847a6cbfc29026 -> 
  custom:scripting/monoscript/fileName/EyeGazeInteraction.cs: dc1f12620c8656649cfc16f13969f5fa -> 
  custom:scripting/monoscript/fileName/OpenXRAnalytics.cs: 67d5de80ae8e3ee46bb1b4907783d54c -> 
  custom:scripting/monoscript/fileName/MicrosoftMotionControllerProfile.cs: 6dcaa2067404bed7771687f2f9dfa057 -> 
  custom:scripting/monoscript/fileName/OpenXRRestarter.cs: c236f3f43c026f409512d203b81e6184 -> 
  custom:scripting/monoscript/fileName/OpenXRFeatureAttribute.cs: 99305d666df750d87e7264e3c7ae4f2a -> 
  custom:scripting/monoscript/fileName/OpenXRLoaderNoPreInit.cs: 8f7a064e1e0bb6e17b9f5d171fe53dfc -> 
  custom:scripting/precompiled-assembly-types:Unity.XR.OpenXR.Features.ConformanceAutomation: daaea684d78afe5278ff971b66e0fbf9 -> 
  custom:scripting/monoscript/fileName/HandCommonPosesInteraction.cs: c984aa78f460c3bf39ec56bc9a0a414a -> 
  custom:scripting/monoscript/fileName/OpenXRDiagnosticReport.cs: f43e8307d90025ed39c346ed63d1208d -> 
  custom:scripting/monoscript/fileName/RuntimeDebuggerOpenXRFeatureEditor.cs: 26a9be57964b520d3a47d8c20db877e9 -> 
  custom:scripting/monoscript/fileName/PoseControl.cs: 4ff0d325328ef40fb1693e34ac3358bf -> 26044499bf9bfd77ab38d92d33de1d80
  custom:scripting/monoscript/fileName/OpenXRFeatureBuildHooks.cs: da31756dd3c74e69bcd7ed1a1983ed53 -> 
  custom:framework-osx-AVFoundation: e770b220cccbd017edd2c1fefb359320 -> 
  custom:scripting/monoscript/fileName/HPReverbG2ControllerProfile.cs: 6aadb5e22feaccfa77ef6db6c4d4541c -> 
  custom:video-encoder-webm-vp8: eb34c28f22e8b96e1ab97ce403110664 -> 
  custom:scripting/monoscript/fileName/BootConfig.cs: b2c4d54615a39b14509e601dd0f329ff -> 
  custom:audio-decoder-ogg-vorbis: bf7c407c2cedff20999df2af8eb42d56 -> 
  custom:scripting/precompiled-assembly-types:Unity.XR.OpenXR.Features.MetaQuestSupport: d273bae1c8d7007d6b0fe4b360a89ef1 -> 
  custom:scripting/monoscript/fileName/XrPerformanceSettingsFeature.cs: d323744d9bc61085862cbc785e1f985c -> 
  custom:scripting/monoscript/fileName/OpenXRPackageSettings.cs: 4f4aaba453bf105fb1c3c3d64247142d -> 
  custom:scripting/monoscript/fileName/ModifyAndroidManifestMeta.cs: 3b920058e4dd8cbdb95cce4af271f981 -> 
  custom:scripting/monoscript/fileName/OpenXRFeatureSetAttribute.cs: 9e20f05fe0a3688af8836175869f0bb7 -> 
  custom:scripting/monoscript/fileName/FoveatedRenderingFeature.cs: 3cd591174f2fee5d1b0d6a1875383a9b -> 
  custom:scripting/monoscript/fileName/HapticControl.cs: d7a5389cafde2a1337c58e2f0d91a837 -> 
  custom:scripting/monoscript/fileName/MetaQuestFeature.cs: b9c317336250afc5bb5fa2c2df269ea6 -> 
  custom:scripting/monoscript/fileName/XrPerformanceSettingsTypes.cs: 5bc9c5b4646eff91646254ce341c6683 -> 
  custom:scripting/monoscript/fileName/OpenXRRuntimeSelector.cs: 929d3ce28c815a19c6c335174420bf6b -> 
  custom:scripting/monoscript/fileName/OpenXRFeatureEditor.cs: 01dd3fecc4e9c7ce9fb6af5d0948ba2a -> 
  custom:scripting/monoscript/fileName/BuildHelperUtils.cs: 619773c3d1b7f3f0ca7461f5c27242a8 -> 
  custom:scripting/monoscript/fileName/HandInteractionProfile.cs: 9c7649bd495ee99cc73ddacbe0a8cd95 -> 
  custom:scripting/monoscript/fileName/ModifyAndroidManifestOculus.cs: 1d09740e7edd66fffc5895aae9e385d3 -> 
  custom:audio-encoder-webm-vorbis: bf7c407c2cedff20999df2af8eb42d56 -> 
  custom:scripting/monoscript/fileName/RuntimeDebuggerOpenXRFeature.cs: 8b269b64ad1c99e85d7f28185c15f7bb -> 
  custom:scripting/monoscript/fileName/MetaQuestFeatureBuildHooks.cs: 2ac755c66ffd4e4b7c22530386a7ba47 -> 
  custom:scripting/monoscript/fileName/OpenXRInput.cs: b351db87f98ee399e568b78e0ed353e3 -> 
  custom:scripting/monoscript/fileName/OpenXRInteractionFeature.cs: a60484418ad6b497996467bb6f98db73 -> 
  custom:scripting/monoscript/fileName/OpenXRSettings.cs: f8ff4c7422697fc56884f260233aaf86 -> 
  custom:scripting/monoscript/fileName/OpenXREditorSettings.cs: 321e3a8126bc4b0248cbcecf63892f31 -> 
  custom:scripting/monoscript/fileName/OpenXRProjectValidation.cs: 181508e149a91a64c6dfdc447b97c322 -> 
========================================================================
Received Prepare
Caller must complete domain reload
Begin MonoManager ReloadAssembly
Thread 0x16bc27000 may have been prematurely finalized
- Loaded All Assemblies, in  0.253 seconds
Native extension for Android target not found
Native extension for OSXStandalone target not found
Mono: successfully reloaded assembly
[Package Manager] Server::EnsureServerProcessIsRunning -- launch failed, reason: Unity was launched with the -noUpm command-line argument
[Package Manager] UpmClient::Send -- Unable to send message (not connected to UPM process).
[Package Manager] Cannot connect to Unity Package Manager local server
- Finished resetting the current domain, in  0.374 seconds
Domain Reload Profiling: 627ms
	BeginReloadAssembly (67ms)
		ExecutionOrderSort (0ms)
		DisableScriptedObjects (2ms)
		BackupInstance (0ms)
		ReleaseScriptingObjects (0ms)
		CreateAndSetChildDomain (21ms)
	RebuildCommonClasses (19ms)
	RebuildNativeTypeToScriptingClass (7ms)
	initialDomainReloadingComplete (10ms)
	LoadAllAssembliesAndSetupDomain (150ms)
		LoadAssemblies (105ms)
		RebuildTransferFunctionScriptingTraits (0ms)
		AnalyzeDomain (70ms)
			TypeCache.Refresh (57ms)
				TypeCache.ScanAssembly (50ms)
			ScanForSourceGeneratedMonoScriptInfo (8ms)
			ResolveRequiredComponents (4ms)
	FinalizeReload (374ms)
		ReleaseScriptCaches (0ms)
		RebuildScriptCaches (0ms)
		SetupLoadedEditorAssemblies (211ms)
			LogAssemblyErrors (0ms)
			InitializePlatformSupportModulesInManaged (6ms)
			SetLoadedEditorAssemblies (2ms)
			RefreshPlugins (0ms)
			BeforeProcessingInitializeOnLoad (30ms)
			ProcessInitializeOnLoadAttributes (152ms)
			ProcessInitializeOnLoadMethodAttributes (20ms)
			AfterProcessingInitializeOnLoad (0ms)
			EditorAssembliesLoaded (0ms)
		ExecutionOrderSort2 (0ms)
		AwakeInstancesAfterBackupRestoration (2ms)
Refreshing native plugins compatible for Editor in 2.70 ms, found 10 plugins.
Preloading 0 native plugins for Editor in 0.00 ms.
Unloading 4919 Unused Serialized files (Serialized files now loaded: 0)
Unloading 69 unused Assets / (58.1 KB). Loaded Objects now: 5354.
Memory consumption went from 175.9 MB to 175.8 MB.
Total: 2.368334 ms (FindLiveObjects: 0.139667 ms CreateObjectMapping: 0.054208 ms MarkObjects: 2.109459 ms  DeleteObjects: 0.064625 ms)

Prepare: number of updated asset objects reloaded= 0
AssetImportParameters requested are different than current active one (requested -> active):
  custom:scripting/monoscript/fileName/DPadInteraction.cs: 93f85c8ba74c4199c8fc9b6e8c6fb8a6 -> 
  custom:scripting/monoscript/fileName/OpenXRFeatureSettingsEditor.cs: 46f7bc9b6667349416d592c92274a2cd -> 
  custom:container-demuxer-ogg: 62fdf1f143b41e24485cea50d1cbac27 -> 
  custom:scripting/monoscript/fileName/UWPCoreWindowBuildHooks.cs: 528ee0545204f8083d130ec04efc78bc -> 
  custom:scripting/monoscript/fileName/OpenXRLoaderBase.cs: 0b6a60b837fc38165e3eaf7aaf2bf3e3 -> 
  custom:scripting/monoscript/fileName/MetaQuestFeatureEditor.cs: fff340053bb2e94334d0d5989f2eb349 -> 
  custom:scripting/monoscript/fileName/PalmPoseInteraction.cs: 6bd25b6029acb9127f25748cb0b6d2a8 -> 
  custom:scripting/precompiled-assembly-types:Unity.XR.OpenXR.Editor: b2a8f17f09055950b7f19e2845cbc5c2 -> 
  custom:scripting/monoscript/fileName/MetaQuestTouchPlusControllerProfile.cs: 4b9439e11567c27c85546e11bafeabe7 -> 
  custom:scripting/monoscript/fileName/OpenXRRuntime.cs: c3a00f9ce6a0283dcb391b83637adf44 -> 
  custom:video-decoder-ogg-theora: a1e56fd34408186e4bbccfd4996cb3dc -> 
  custom:scripting/monoscript/fileName/MetaQuestTouchProControllerProfile.cs: 9fffae235d4c14901711127c7daeb86c -> 
  custom:scripting/monoscript/fileName/OpenXRConstants.cs: f878d042bd3999b796b9387b0c8a1032 -> 
  custom:scripting/monoscript/fileName/OpenXRFeatureUICommon.cs: 45f7a59cd9c5cd84e28e0f7a429879c2 -> 
  custom:scripting/precompiled-assembly-types:Unity.XR.OpenXR.Features.OculusQuestSupport.Editor: c62b8d05b94c435029ef9fc43d7261ca -> 
  custom:scripting/monoscript/fileName/OpenXRLoaderUI.cs: ebd8d704d5e26f054d43886c272cd005 -> 
  custom:scripting/monoscript/fileName/WaitForRestartFinish.cs: 0e76bf389cf347a5d8d6432ec661895f -> 
  custom:scripting/monoscript/fileName/OpenXRFeatureSettings.cs: 90647cc400823b41df847a6cbfc29026 -> 
  custom:scripting/monoscript/fileName/OpenXRBuildProcessor.cs: 48dc0e114f75799c0d74bafe70808189 -> 
  custom:scripting/monoscript/fileName/KHRSimpleControllerProfile.cs: bcdcb81587b2075f7af2f75706b9e69a -> 
  custom:scripting/monoscript/fileName/OpenXRFeatureInternal.cs: 90647cc400823b41df847a6cbfc29026 -> 
  custom:scripting/monoscript/fileName/OpenXRSpaceSettings.cs: 90647cc400823b41df847a6cbfc29026 -> 
  custom:scripting/monoscript/fileName/DPadInteractionCustomEditor.cs: d93785eeae2b4d41d39f603bd6f9849d -> 
  custom:scripting/precompiled-assembly-types:Unity.XR.OpenXR.Features.RuntimeDebugger.Editor: e1cc4b3ad1ade1a1503c3d79a1cfcaf0 -> 
  custom:scripting/monoscript/fileName/ConformanceAutomationFeature.cs: 97112e825fad9ed87f6a9c7acc231c0b -> 
  custom:scripting/monoscript/fileName/FeatureHelpers.cs: 0e8d07707daeed1da30b1605e903226b -> 
  custom:scripting/monoscript/fileName/DebuggerState.cs: 41070b7a08cc178a9ea51324cdaf5b81 -> 
  custom:scripting/precompiled-assembly-types:Unity.XR.OpenXR.Features.MetaQuestSupport.Editor: d29ebede884d38e464c8dad49331ddbf -> 
  custom:scripting/precompiled-assembly-types:Unity.XR.OpenXR.Features.OculusQuestSupport: d15f77eecb71f285045ab68c6a5ab3aa -> 
  custom:CustomObjectIndexerAttribute: 9a22284fe3817be447336de3de66b15e -> 
  custom:scripting/monoscript/fileName/OpenXRHmd.cs: 1624687aa096b40d58d149d9c6304cca -> 
  custom:scripting/monoscript/fileName/OpenXRMangementSettings.cs: 5a013b6c45b1e1d06085cb1496493b86 -> 
  custom:scripting/monoscript/fileName/OculusTouchControllerProfile.cs: 03df51b5c781d1980f509408bae72bc8 -> 
  custom:scripting/monoscript/fileName/OpenXRNativeTypes.cs: 11be60823314f621c1b0bb94bf4fe744 -> 
  custom:container-demuxer-webm: 4f35f7cbe854078d1ac9338744f61a02 -> 
  custom:scripting/monoscript/fileName/KnownFeatureSets.cs: 2cf391597f07a52473981e9cc2b41b67 -> 
  custom:scripting/precompiled-assembly-types:Unity.XR.OpenXR.Features.MockRuntime: e75d918d8106c27865ca5517b4bdd194 -> 
  custom:scripting/monoscript/fileName/OpenXRProjectValidationRulesSetup.cs: 63c520149123eced22b6028c5ebd9d08 -> 
  custom:scripting/monoscript/fileName/MicrosoftHandInteraction.cs: dac920740153b0163dda0f7e56920e40 -> 
  custom:scripting/monoscript/fileName/RuntimeDebuggerWindow.cs: 0bc1d5ee7ce2553d42d62861471f3c44 -> 
  custom:scripting/monoscript/fileName/PackageSettingsEditor.cs: 6212fddebb8f67c4da0f50592230839b -> 
  custom:scripting/monoscript/fileName/OpenXRFeature.cs: a84888103ea4406f238a41c42d12d002 -> 
  custom:container-muxer-webm: aa71ff27fc2769a1b78a27578f13a17b -> 
  custom:scripting/precompiled-assembly-types:Unity.XR.OpenXR: 6b540efea7d7bcf04b31853b4d2f54c0 -> 
  custom:scripting/monoscript/fileName/OpenXRLoader.cs: 2a03893d4aa4b960c2f49090b4b03a7b -> 
  custom:scripting/monoscript/fileName/ValveIndexControllerProfile.cs: f923b1771c835a70375d3505e818878d -> 
  custom:scripting/monoscript/fileName/OculusQuestFeatureEditor.cs: af70b82209b4cf6ce20a2da2892dfc5f -> 
  custom:video-decoder-webm-vp8: 9c59270c3fd7afecdb556c50c9e8de78 -> 
  custom:scripting/monoscript/fileName/OpenXRChooseRuntimeLibraries.cs: 3923c2f1337a35d737ad0192eb46b432 -> 
  custom:scripting/monoscript/fileName/OculusQuestFeature.cs: 041c3418dd65b8e99ca410c708996814 -> 
  custom:scripting/monoscript/fileName/OpenXRFeatureSetManager.cs: 4f340a53d115a7e1888d00ddc4cd614b -> 
  custom:scripting/monoscript/fileName/OpenXRColorSubmissonModeList.cs: 62c3c48199b3c893ece86757b75b0604 -> 
  custom:scripting/monoscript/fileName/OpenXRUtility.cs: af9b8bca68ffa2bc69f78ec0da9cf1fd -> 
  custom:SearchIndexIgnoredProperties: e643bd26f0fe6173181afceb89e7c659 -> 
  custom:AudioImporter_EditorPlatform: 3918e3fc78b5a79bad01e8451be0beb8 -> 
  custom:scripting/monoscript/fileName/MockRuntime.cs: 8e970d93da4762c7d57e9c9dd2b36dbb -> 
  custom:scripting/monoscript/fileName/OpenXRDevice.cs: 1b3be9b024fb29351711164fb0577202 -> 
  custom:scripting/monoscript/fileName/OpenXRUnityAPI.cs: 95d0f03221767acb8a4a43279af12154 -> 
  custom:scripting/monoscript/fileName/HTCViveControllerProfile.cs: 575b921c71649e99576a05f0add9cf5d -> 
  custom:scripting/monoscript/fileName/BootConfigBuilder.cs: a174d8870c7a69fabc7d42a75b0f23aa -> 
  custom:scripting/precompiled-assembly-types:Unity.XR.OpenXR.Features.RuntimeDebugger: 81fc02b8029ab9c0bce4eaa33a13e7d8 -> 
  custom:scripting/monoscript/fileName/OpenXRRenderSettings.cs: 90647cc400823b41df847a6cbfc29026 -> 
  custom:scripting/monoscript/fileName/EyeGazeInteraction.cs: dc1f12620c8656649cfc16f13969f5fa -> 
  custom:scripting/monoscript/fileName/OpenXRAnalytics.cs: 67d5de80ae8e3ee46bb1b4907783d54c -> 
  custom:scripting/monoscript/fileName/MicrosoftMotionControllerProfile.cs: 6dcaa2067404bed7771687f2f9dfa057 -> 
  custom:scripting/monoscript/fileName/OpenXRRestarter.cs: c236f3f43c026f409512d203b81e6184 -> 
  custom:scripting/monoscript/fileName/OpenXRFeatureAttribute.cs: 99305d666df750d87e7264e3c7ae4f2a -> 
  custom:scripting/monoscript/fileName/OpenXRLoaderNoPreInit.cs: 8f7a064e1e0bb6e17b9f5d171fe53dfc -> 
  custom:scripting/precompiled-assembly-types:Unity.XR.OpenXR.Features.ConformanceAutomation: daaea684d78afe5278ff971b66e0fbf9 -> 
  custom:scripting/monoscript/fileName/HandCommonPosesInteraction.cs: c984aa78f460c3bf39ec56bc9a0a414a -> 
  custom:scripting/monoscript/fileName/OpenXRDiagnosticReport.cs: f43e8307d90025ed39c346ed63d1208d -> 
  custom:scripting/monoscript/fileName/RuntimeDebuggerOpenXRFeatureEditor.cs: 26a9be57964b520d3a47d8c20db877e9 -> 
  custom:scripting/monoscript/fileName/PoseControl.cs: 4ff0d325328ef40fb1693e34ac3358bf -> 26044499bf9bfd77ab38d92d33de1d80
  custom:scripting/monoscript/fileName/OpenXRFeatureBuildHooks.cs: da31756dd3c74e69bcd7ed1a1983ed53 -> 
  custom:framework-osx-AVFoundation: e770b220cccbd017edd2c1fefb359320 -> 
  custom:scripting/monoscript/fileName/HPReverbG2ControllerProfile.cs: 6aadb5e22feaccfa77ef6db6c4d4541c -> 
  custom:video-encoder-webm-vp8: eb34c28f22e8b96e1ab97ce403110664 -> 
  custom:scripting/monoscript/fileName/BootConfig.cs: b2c4d54615a39b14509e601dd0f329ff -> 
  custom:audio-decoder-ogg-vorbis: bf7c407c2cedff20999df2af8eb42d56 -> 
  custom:scripting/precompiled-assembly-types:Unity.XR.OpenXR.Features.MetaQuestSupport: d273bae1c8d7007d6b0fe4b360a89ef1 -> 
  custom:scripting/monoscript/fileName/XrPerformanceSettingsFeature.cs: d323744d9bc61085862cbc785e1f985c -> 
  custom:scripting/monoscript/fileName/OpenXRPackageSettings.cs: 4f4aaba453bf105fb1c3c3d64247142d -> 
  custom:scripting/monoscript/fileName/ModifyAndroidManifestMeta.cs: 3b920058e4dd8cbdb95cce4af271f981 -> 
  custom:scripting/monoscript/fileName/OpenXRFeatureSetAttribute.cs: 9e20f05fe0a3688af8836175869f0bb7 -> 
  custom:scripting/monoscript/fileName/FoveatedRenderingFeature.cs: 3cd591174f2fee5d1b0d6a1875383a9b -> 
  custom:scripting/monoscript/fileName/HapticControl.cs: d7a5389cafde2a1337c58e2f0d91a837 -> 
  custom:scripting/monoscript/fileName/MetaQuestFeature.cs: b9c317336250afc5bb5fa2c2df269ea6 -> 
  custom:scripting/monoscript/fileName/XrPerformanceSettingsTypes.cs: 5bc9c5b4646eff91646254ce341c6683 -> 
  custom:scripting/monoscript/fileName/OpenXRRuntimeSelector.cs: 929d3ce28c815a19c6c335174420bf6b -> 
  custom:scripting/monoscript/fileName/OpenXRFeatureEditor.cs: 01dd3fecc4e9c7ce9fb6af5d0948ba2a -> 
  custom:scripting/monoscript/fileName/BuildHelperUtils.cs: 619773c3d1b7f3f0ca7461f5c27242a8 -> 
  custom:scripting/monoscript/fileName/HandInteractionProfile.cs: 9c7649bd495ee99cc73ddacbe0a8cd95 -> 
  custom:scripting/monoscript/fileName/ModifyAndroidManifestOculus.cs: 1d09740e7edd66fffc5895aae9e385d3 -> 
  custom:audio-encoder-webm-vorbis: bf7c407c2cedff20999df2af8eb42d56 -> 
  custom:scripting/monoscript/fileName/RuntimeDebuggerOpenXRFeature.cs: 8b269b64ad1c99e85d7f28185c15f7bb -> 
  custom:scripting/monoscript/fileName/MetaQuestFeatureBuildHooks.cs: 2ac755c66ffd4e4b7c22530386a7ba47 -> 
  custom:scripting/monoscript/fileName/OpenXRInput.cs: b351db87f98ee399e568b78e0ed353e3 -> 
  custom:scripting/monoscript/fileName/OpenXRInteractionFeature.cs: a60484418ad6b497996467bb6f98db73 -> 
  custom:scripting/monoscript/fileName/OpenXRSettings.cs: f8ff4c7422697fc56884f260233aaf86 -> 
  custom:scripting/monoscript/fileName/OpenXREditorSettings.cs: 321e3a8126bc4b0248cbcecf63892f31 -> 
  custom:scripting/monoscript/fileName/OpenXRProjectValidation.cs: 181508e149a91a64c6dfdc447b97c322 -> 
========================================================================
Received Prepare
Caller must complete domain reload
Begin MonoManager ReloadAssembly
Thread 0x16bc27000 may have been prematurely finalized
- Loaded All Assemblies, in  0.251 seconds
Native extension for Android target not found
Native extension for OSXStandalone target not found
Mono: successfully reloaded assembly
[Package Manager] Server::EnsureServerProcessIsRunning -- launch failed, reason: Unity was launched with the -noUpm command-line argument
[Package Manager] UpmClient::Send -- Unable to send message (not connected to UPM process).
[Package Manager] Cannot connect to Unity Package Manager local server
- Finished resetting the current domain, in  0.380 seconds
Domain Reload Profiling: 631ms
	BeginReloadAssembly (69ms)
		ExecutionOrderSort (0ms)
		DisableScriptedObjects (2ms)
		BackupInstance (0ms)
		ReleaseScriptingObjects (0ms)
		CreateAndSetChildDomain (23ms)
	RebuildCommonClasses (18ms)
	RebuildNativeTypeToScriptingClass (7ms)
	initialDomainReloadingComplete (10ms)
	LoadAllAssembliesAndSetupDomain (146ms)
		LoadAssemblies (100ms)
		RebuildTransferFunctionScriptingTraits (0ms)
		AnalyzeDomain (71ms)
			TypeCache.Refresh (58ms)
				TypeCache.ScanAssembly (51ms)
			ScanForSourceGeneratedMonoScriptInfo (8ms)
			ResolveRequiredComponents (4ms)
	FinalizeReload (381ms)
		ReleaseScriptCaches (0ms)
		RebuildScriptCaches (0ms)
		SetupLoadedEditorAssemblies (213ms)
			LogAssemblyErrors (0ms)
			InitializePlatformSupportModulesInManaged (6ms)
			SetLoadedEditorAssemblies (2ms)
			RefreshPlugins (0ms)
			BeforeProcessingInitializeOnLoad (30ms)
			ProcessInitializeOnLoadAttributes (156ms)
			ProcessInitializeOnLoadMethodAttributes (17ms)
			AfterProcessingInitializeOnLoad (0ms)
			EditorAssembliesLoaded (0ms)
		ExecutionOrderSort2 (0ms)
		AwakeInstancesAfterBackupRestoration (2ms)
Refreshing native plugins compatible for Editor in 2.67 ms, found 10 plugins.
Preloading 0 native plugins for Editor in 0.00 ms.
Unloading 4919 Unused Serialized files (Serialized files now loaded: 0)
Unloading 105 unused Assets / (61.9 KB). Loaded Objects now: 5356.
Memory consumption went from 182.5 MB to 182.4 MB.
Total: 2.289167 ms (FindLiveObjects: 0.163208 ms CreateObjectMapping: 0.052458 ms MarkObjects: 1.955750 ms  DeleteObjects: 0.117292 ms)

Prepare: number of updated asset objects reloaded= 0
AssetImportParameters requested are different than current active one (requested -> active):
  custom:scripting/monoscript/fileName/DPadInteraction.cs: 93f85c8ba74c4199c8fc9b6e8c6fb8a6 -> 
  custom:scripting/monoscript/fileName/OpenXRFeatureSettingsEditor.cs: 46f7bc9b6667349416d592c92274a2cd -> 
  custom:container-demuxer-ogg: 62fdf1f143b41e24485cea50d1cbac27 -> 
  custom:scripting/monoscript/fileName/UWPCoreWindowBuildHooks.cs: 528ee0545204f8083d130ec04efc78bc -> 
  custom:scripting/monoscript/fileName/OpenXRLoaderBase.cs: 0b6a60b837fc38165e3eaf7aaf2bf3e3 -> 
  custom:scripting/monoscript/fileName/MetaQuestFeatureEditor.cs: fff340053bb2e94334d0d5989f2eb349 -> 
  custom:scripting/monoscript/fileName/PalmPoseInteraction.cs: 6bd25b6029acb9127f25748cb0b6d2a8 -> 
  custom:scripting/precompiled-assembly-types:Unity.XR.OpenXR.Editor: b2a8f17f09055950b7f19e2845cbc5c2 -> 
  custom:scripting/monoscript/fileName/MetaQuestTouchPlusControllerProfile.cs: 4b9439e11567c27c85546e11bafeabe7 -> 
  custom:scripting/monoscript/fileName/OpenXRRuntime.cs: c3a00f9ce6a0283dcb391b83637adf44 -> 
  custom:video-decoder-ogg-theora: a1e56fd34408186e4bbccfd4996cb3dc -> 
  custom:scripting/monoscript/fileName/MetaQuestTouchProControllerProfile.cs: 9fffae235d4c14901711127c7daeb86c -> 
  custom:scripting/monoscript/fileName/OpenXRConstants.cs: f878d042bd3999b796b9387b0c8a1032 -> 
  custom:scripting/monoscript/fileName/OpenXRFeatureUICommon.cs: 45f7a59cd9c5cd84e28e0f7a429879c2 -> 
  custom:scripting/precompiled-assembly-types:Unity.XR.OpenXR.Features.OculusQuestSupport.Editor: c62b8d05b94c435029ef9fc43d7261ca -> 
  custom:scripting/monoscript/fileName/OpenXRLoaderUI.cs: ebd8d704d5e26f054d43886c272cd005 -> 
  custom:scripting/monoscript/fileName/WaitForRestartFinish.cs: 0e76bf389cf347a5d8d6432ec661895f -> 
  custom:scripting/monoscript/fileName/OpenXRFeatureSettings.cs: 90647cc400823b41df847a6cbfc29026 -> 
  custom:scripting/monoscript/fileName/OpenXRBuildProcessor.cs: 48dc0e114f75799c0d74bafe70808189 -> 
  custom:scripting/monoscript/fileName/KHRSimpleControllerProfile.cs: bcdcb81587b2075f7af2f75706b9e69a -> 
  custom:scripting/monoscript/fileName/OpenXRFeatureInternal.cs: 90647cc400823b41df847a6cbfc29026 -> 
  custom:scripting/monoscript/fileName/OpenXRSpaceSettings.cs: 90647cc400823b41df847a6cbfc29026 -> 
  custom:scripting/monoscript/fileName/DPadInteractionCustomEditor.cs: d93785eeae2b4d41d39f603bd6f9849d -> 
  custom:scripting/precompiled-assembly-types:Unity.XR.OpenXR.Features.RuntimeDebugger.Editor: e1cc4b3ad1ade1a1503c3d79a1cfcaf0 -> 
  custom:scripting/monoscript/fileName/ConformanceAutomationFeature.cs: 97112e825fad9ed87f6a9c7acc231c0b -> 
  custom:scripting/monoscript/fileName/FeatureHelpers.cs: 0e8d07707daeed1da30b1605e903226b -> 
  custom:scripting/monoscript/fileName/DebuggerState.cs: 41070b7a08cc178a9ea51324cdaf5b81 -> 
  custom:scripting/precompiled-assembly-types:Unity.XR.OpenXR.Features.MetaQuestSupport.Editor: d29ebede884d38e464c8dad49331ddbf -> 
  custom:scripting/precompiled-assembly-types:Unity.XR.OpenXR.Features.OculusQuestSupport: d15f77eecb71f285045ab68c6a5ab3aa -> 
  custom:CustomObjectIndexerAttribute: 9a22284fe3817be447336de3de66b15e -> 
  custom:scripting/monoscript/fileName/OpenXRHmd.cs: 1624687aa096b40d58d149d9c6304cca -> 
  custom:scripting/monoscript/fileName/OpenXRMangementSettings.cs: 5a013b6c45b1e1d06085cb1496493b86 -> 
  custom:scripting/monoscript/fileName/OculusTouchControllerProfile.cs: 03df51b5c781d1980f509408bae72bc8 -> 
  custom:scripting/monoscript/fileName/OpenXRNativeTypes.cs: 11be60823314f621c1b0bb94bf4fe744 -> 
  custom:container-demuxer-webm: 4f35f7cbe854078d1ac9338744f61a02 -> 
  custom:scripting/monoscript/fileName/KnownFeatureSets.cs: 2cf391597f07a52473981e9cc2b41b67 -> 
  custom:scripting/precompiled-assembly-types:Unity.XR.OpenXR.Features.MockRuntime: e75d918d8106c27865ca5517b4bdd194 -> 
  custom:scripting/monoscript/fileName/OpenXRProjectValidationRulesSetup.cs: 63c520149123eced22b6028c5ebd9d08 -> 
  custom:scripting/monoscript/fileName/MicrosoftHandInteraction.cs: dac920740153b0163dda0f7e56920e40 -> 
  custom:scripting/monoscript/fileName/RuntimeDebuggerWindow.cs: 0bc1d5ee7ce2553d42d62861471f3c44 -> 
  custom:scripting/monoscript/fileName/PackageSettingsEditor.cs: 6212fddebb8f67c4da0f50592230839b -> 
  custom:scripting/monoscript/fileName/OpenXRFeature.cs: a84888103ea4406f238a41c42d12d002 -> 
  custom:container-muxer-webm: aa71ff27fc2769a1b78a27578f13a17b -> 
  custom:scripting/precompiled-assembly-types:Unity.XR.OpenXR: 6b540efea7d7bcf04b31853b4d2f54c0 -> 
  custom:scripting/monoscript/fileName/OpenXRLoader.cs: 2a03893d4aa4b960c2f49090b4b03a7b -> 
  custom:scripting/monoscript/fileName/ValveIndexControllerProfile.cs: f923b1771c835a70375d3505e818878d -> 
  custom:scripting/monoscript/fileName/OculusQuestFeatureEditor.cs: af70b82209b4cf6ce20a2da2892dfc5f -> 
  custom:video-decoder-webm-vp8: 9c59270c3fd7afecdb556c50c9e8de78 -> 
  custom:scripting/monoscript/fileName/OpenXRChooseRuntimeLibraries.cs: 3923c2f1337a35d737ad0192eb46b432 -> 
  custom:scripting/monoscript/fileName/OculusQuestFeature.cs: 041c3418dd65b8e99ca410c708996814 -> 
  custom:scripting/monoscript/fileName/OpenXRFeatureSetManager.cs: 4f340a53d115a7e1888d00ddc4cd614b -> 
  custom:scripting/monoscript/fileName/OpenXRColorSubmissonModeList.cs: 62c3c48199b3c893ece86757b75b0604 -> 
  custom:scripting/monoscript/fileName/OpenXRUtility.cs: af9b8bca68ffa2bc69f78ec0da9cf1fd -> 
  custom:SearchIndexIgnoredProperties: e643bd26f0fe6173181afceb89e7c659 -> 
  custom:AudioImporter_EditorPlatform: 3918e3fc78b5a79bad01e8451be0beb8 -> 
  custom:scripting/monoscript/fileName/MockRuntime.cs: 8e970d93da4762c7d57e9c9dd2b36dbb -> 
  custom:scripting/monoscript/fileName/OpenXRDevice.cs: 1b3be9b024fb29351711164fb0577202 -> 
  custom:scripting/monoscript/fileName/OpenXRUnityAPI.cs: 95d0f03221767acb8a4a43279af12154 -> 
  custom:scripting/monoscript/fileName/HTCViveControllerProfile.cs: 575b921c71649e99576a05f0add9cf5d -> 
  custom:scripting/monoscript/fileName/BootConfigBuilder.cs: a174d8870c7a69fabc7d42a75b0f23aa -> 
  custom:scripting/precompiled-assembly-types:Unity.XR.OpenXR.Features.RuntimeDebugger: 81fc02b8029ab9c0bce4eaa33a13e7d8 -> 
  custom:scripting/monoscript/fileName/OpenXRRenderSettings.cs: 90647cc400823b41df847a6cbfc29026 -> 
  custom:scripting/monoscript/fileName/EyeGazeInteraction.cs: dc1f12620c8656649cfc16f13969f5fa -> 
  custom:scripting/monoscript/fileName/OpenXRAnalytics.cs: 67d5de80ae8e3ee46bb1b4907783d54c -> 
  custom:scripting/monoscript/fileName/MicrosoftMotionControllerProfile.cs: 6dcaa2067404bed7771687f2f9dfa057 -> 
  custom:scripting/monoscript/fileName/OpenXRRestarter.cs: c236f3f43c026f409512d203b81e6184 -> 
  custom:scripting/monoscript/fileName/OpenXRFeatureAttribute.cs: 99305d666df750d87e7264e3c7ae4f2a -> 
  custom:scripting/monoscript/fileName/OpenXRLoaderNoPreInit.cs: 8f7a064e1e0bb6e17b9f5d171fe53dfc -> 
  custom:scripting/precompiled-assembly-types:Unity.XR.OpenXR.Features.ConformanceAutomation: daaea684d78afe5278ff971b66e0fbf9 -> 
  custom:scripting/monoscript/fileName/HandCommonPosesInteraction.cs: c984aa78f460c3bf39ec56bc9a0a414a -> 
  custom:scripting/monoscript/fileName/OpenXRDiagnosticReport.cs: f43e8307d90025ed39c346ed63d1208d -> 
  custom:scripting/monoscript/fileName/RuntimeDebuggerOpenXRFeatureEditor.cs: 26a9be57964b520d3a47d8c20db877e9 -> 
  custom:scripting/monoscript/fileName/PoseControl.cs: 4ff0d325328ef40fb1693e34ac3358bf -> 26044499bf9bfd77ab38d92d33de1d80
  custom:scripting/monoscript/fileName/OpenXRFeatureBuildHooks.cs: da31756dd3c74e69bcd7ed1a1983ed53 -> 
  custom:framework-osx-AVFoundation: e770b220cccbd017edd2c1fefb359320 -> 
  custom:scripting/monoscript/fileName/HPReverbG2ControllerProfile.cs: 6aadb5e22feaccfa77ef6db6c4d4541c -> 
  custom:video-encoder-webm-vp8: eb34c28f22e8b96e1ab97ce403110664 -> 
  custom:scripting/monoscript/fileName/BootConfig.cs: b2c4d54615a39b14509e601dd0f329ff -> 
  custom:audio-decoder-ogg-vorbis: bf7c407c2cedff20999df2af8eb42d56 -> 
  custom:scripting/precompiled-assembly-types:Unity.XR.OpenXR.Features.MetaQuestSupport: d273bae1c8d7007d6b0fe4b360a89ef1 -> 
  custom:scripting/monoscript/fileName/XrPerformanceSettingsFeature.cs: d323744d9bc61085862cbc785e1f985c -> 
  custom:scripting/monoscript/fileName/OpenXRPackageSettings.cs: 4f4aaba453bf105fb1c3c3d64247142d -> 
  custom:scripting/monoscript/fileName/ModifyAndroidManifestMeta.cs: 3b920058e4dd8cbdb95cce4af271f981 -> 
  custom:scripting/monoscript/fileName/OpenXRFeatureSetAttribute.cs: 9e20f05fe0a3688af8836175869f0bb7 -> 
  custom:scripting/monoscript/fileName/FoveatedRenderingFeature.cs: 3cd591174f2fee5d1b0d6a1875383a9b -> 
  custom:scripting/monoscript/fileName/HapticControl.cs: d7a5389cafde2a1337c58e2f0d91a837 -> 
  custom:scripting/monoscript/fileName/MetaQuestFeature.cs: b9c317336250afc5bb5fa2c2df269ea6 -> 
  custom:scripting/monoscript/fileName/XrPerformanceSettingsTypes.cs: 5bc9c5b4646eff91646254ce341c6683 -> 
  custom:scripting/monoscript/fileName/OpenXRRuntimeSelector.cs: 929d3ce28c815a19c6c335174420bf6b -> 
  custom:scripting/monoscript/fileName/OpenXRFeatureEditor.cs: 01dd3fecc4e9c7ce9fb6af5d0948ba2a -> 
  custom:scripting/monoscript/fileName/BuildHelperUtils.cs: 619773c3d1b7f3f0ca7461f5c27242a8 -> 
  custom:scripting/monoscript/fileName/HandInteractionProfile.cs: 9c7649bd495ee99cc73ddacbe0a8cd95 -> 
  custom:scripting/monoscript/fileName/ModifyAndroidManifestOculus.cs: 1d09740e7edd66fffc5895aae9e385d3 -> 
  custom:audio-encoder-webm-vorbis: bf7c407c2cedff20999df2af8eb42d56 -> 
  custom:scripting/monoscript/fileName/RuntimeDebuggerOpenXRFeature.cs: 8b269b64ad1c99e85d7f28185c15f7bb -> 
  custom:scripting/monoscript/fileName/MetaQuestFeatureBuildHooks.cs: 2ac755c66ffd4e4b7c22530386a7ba47 -> 
  custom:scripting/monoscript/fileName/OpenXRInput.cs: b351db87f98ee399e568b78e0ed353e3 -> 
  custom:scripting/monoscript/fileName/OpenXRInteractionFeature.cs: a60484418ad6b497996467bb6f98db73 -> 
  custom:scripting/monoscript/fileName/OpenXRSettings.cs: f8ff4c7422697fc56884f260233aaf86 -> 
  custom:scripting/monoscript/fileName/OpenXREditorSettings.cs: 321e3a8126bc4b0248cbcecf63892f31 -> 
  custom:scripting/monoscript/fileName/OpenXRProjectValidation.cs: 181508e149a91a64c6dfdc447b97c322 -> 
========================================================================
Received Prepare
Refreshing native plugins compatible for Editor in 2.83 ms, found 10 plugins.
Preloading 0 native plugins for Editor in 0.00 ms.
Unloading 1 Unused Serialized files (Serialized files now loaded: 0)
Unloading 1 unused Assets / (3.1 KB). Loaded Objects now: 5356.
Memory consumption went from 105.6 MB to 105.6 MB.
Total: 2.325958 ms (FindLiveObjects: 0.158375 ms CreateObjectMapping: 0.050750 ms MarkObjects: 2.104000 ms  DeleteObjects: 0.012667 ms)

Prepare: number of updated asset objects reloaded= 3
AssetImportParameters requested are different than current active one (requested -> active):
  custom:scripting/monoscript/fileName/DPadInteraction.cs: 93f85c8ba74c4199c8fc9b6e8c6fb8a6 -> 
  custom:scripting/monoscript/fileName/OpenXRFeatureSettingsEditor.cs: 46f7bc9b6667349416d592c92274a2cd -> 
  custom:container-demuxer-ogg: 62fdf1f143b41e24485cea50d1cbac27 -> 
  custom:scripting/monoscript/fileName/UWPCoreWindowBuildHooks.cs: 528ee0545204f8083d130ec04efc78bc -> 
  custom:scripting/monoscript/fileName/OpenXRLoaderBase.cs: 0b6a60b837fc38165e3eaf7aaf2bf3e3 -> 
  custom:scripting/monoscript/fileName/MetaQuestFeatureEditor.cs: fff340053bb2e94334d0d5989f2eb349 -> 
  custom:scripting/monoscript/fileName/PalmPoseInteraction.cs: 6bd25b6029acb9127f25748cb0b6d2a8 -> 
  custom:scripting/precompiled-assembly-types:Unity.XR.OpenXR.Editor: b2a8f17f09055950b7f19e2845cbc5c2 -> 
  custom:scripting/monoscript/fileName/MetaQuestTouchPlusControllerProfile.cs: 4b9439e11567c27c85546e11bafeabe7 -> 
  custom:scripting/monoscript/fileName/OpenXRRuntime.cs: c3a00f9ce6a0283dcb391b83637adf44 -> 
  custom:video-decoder-ogg-theora: a1e56fd34408186e4bbccfd4996cb3dc -> 
  custom:scripting/monoscript/fileName/MetaQuestTouchProControllerProfile.cs: 9fffae235d4c14901711127c7daeb86c -> 
  custom:scripting/monoscript/fileName/OpenXRConstants.cs: f878d042bd3999b796b9387b0c8a1032 -> 
  custom:scripting/monoscript/fileName/OpenXRFeatureUICommon.cs: 45f7a59cd9c5cd84e28e0f7a429879c2 -> 
  custom:scripting/precompiled-assembly-types:Unity.XR.OpenXR.Features.OculusQuestSupport.Editor: c62b8d05b94c435029ef9fc43d7261ca -> 
  custom:scripting/monoscript/fileName/OpenXRLoaderUI.cs: ebd8d704d5e26f054d43886c272cd005 -> 
  custom:scripting/monoscript/fileName/WaitForRestartFinish.cs: 0e76bf389cf347a5d8d6432ec661895f -> 
  custom:scripting/monoscript/fileName/OpenXRFeatureSettings.cs: 90647cc400823b41df847a6cbfc29026 -> 
  custom:scripting/monoscript/fileName/OpenXRBuildProcessor.cs: 48dc0e114f75799c0d74bafe70808189 -> 
  custom:scripting/monoscript/fileName/KHRSimpleControllerProfile.cs: bcdcb81587b2075f7af2f75706b9e69a -> 
  custom:scripting/monoscript/fileName/OpenXRFeatureInternal.cs: 90647cc400823b41df847a6cbfc29026 -> 
  custom:scripting/monoscript/fileName/OpenXRSpaceSettings.cs: 90647cc400823b41df847a6cbfc29026 -> 
  custom:scripting/monoscript/fileName/DPadInteractionCustomEditor.cs: d93785eeae2b4d41d39f603bd6f9849d -> 
  custom:scripting/precompiled-assembly-types:Unity.XR.OpenXR.Features.RuntimeDebugger.Editor: e1cc4b3ad1ade1a1503c3d79a1cfcaf0 -> 
  custom:scripting/monoscript/fileName/ConformanceAutomationFeature.cs: 97112e825fad9ed87f6a9c7acc231c0b -> 
  custom:scripting/monoscript/fileName/FeatureHelpers.cs: 0e8d07707daeed1da30b1605e903226b -> 
  custom:scripting/monoscript/fileName/DebuggerState.cs: 41070b7a08cc178a9ea51324cdaf5b81 -> 
  custom:scripting/precompiled-assembly-types:Unity.XR.OpenXR.Features.MetaQuestSupport.Editor: d29ebede884d38e464c8dad49331ddbf -> 
  custom:scripting/precompiled-assembly-types:Unity.XR.OpenXR.Features.OculusQuestSupport: d15f77eecb71f285045ab68c6a5ab3aa -> 
  custom:CustomObjectIndexerAttribute: 9a22284fe3817be447336de3de66b15e -> 
  custom:scripting/monoscript/fileName/OpenXRHmd.cs: 1624687aa096b40d58d149d9c6304cca -> 
  custom:scripting/monoscript/fileName/OpenXRMangementSettings.cs: 5a013b6c45b1e1d06085cb1496493b86 -> 
  custom:scripting/monoscript/fileName/OculusTouchControllerProfile.cs: 03df51b5c781d1980f509408bae72bc8 -> 
  custom:scripting/monoscript/fileName/OpenXRNativeTypes.cs: 11be60823314f621c1b0bb94bf4fe744 -> 
  custom:container-demuxer-webm: 4f35f7cbe854078d1ac9338744f61a02 -> 
  custom:scripting/monoscript/fileName/KnownFeatureSets.cs: 2cf391597f07a52473981e9cc2b41b67 -> 
  custom:scripting/precompiled-assembly-types:Unity.XR.OpenXR.Features.MockRuntime: e75d918d8106c27865ca5517b4bdd194 -> 
  custom:scripting/monoscript/fileName/OpenXRProjectValidationRulesSetup.cs: 63c520149123eced22b6028c5ebd9d08 -> 
  custom:scripting/monoscript/fileName/MicrosoftHandInteraction.cs: dac920740153b0163dda0f7e56920e40 -> 
  custom:scripting/monoscript/fileName/RuntimeDebuggerWindow.cs: 0bc1d5ee7ce2553d42d62861471f3c44 -> 
  custom:scripting/monoscript/fileName/PackageSettingsEditor.cs: 6212fddebb8f67c4da0f50592230839b -> 
  custom:scripting/monoscript/fileName/OpenXRFeature.cs: a84888103ea4406f238a41c42d12d002 -> 
  custom:container-muxer-webm: aa71ff27fc2769a1b78a27578f13a17b -> 
  custom:scripting/precompiled-assembly-types:Unity.XR.OpenXR: 6b540efea7d7bcf04b31853b4d2f54c0 -> 
  custom:scripting/monoscript/fileName/OpenXRLoader.cs: 2a03893d4aa4b960c2f49090b4b03a7b -> 
  custom:scripting/monoscript/fileName/ValveIndexControllerProfile.cs: f923b1771c835a70375d3505e818878d -> 
  custom:scripting/monoscript/fileName/OculusQuestFeatureEditor.cs: af70b82209b4cf6ce20a2da2892dfc5f -> 
  custom:video-decoder-webm-vp8: 9c59270c3fd7afecdb556c50c9e8de78 -> 
  custom:scripting/monoscript/fileName/OpenXRChooseRuntimeLibraries.cs: 3923c2f1337a35d737ad0192eb46b432 -> 
  custom:scripting/monoscript/fileName/OculusQuestFeature.cs: 041c3418dd65b8e99ca410c708996814 -> 
  custom:scripting/monoscript/fileName/OpenXRFeatureSetManager.cs: 4f340a53d115a7e1888d00ddc4cd614b -> 
  custom:scripting/monoscript/fileName/OpenXRColorSubmissonModeList.cs: 62c3c48199b3c893ece86757b75b0604 -> 
  custom:scripting/monoscript/fileName/OpenXRUtility.cs: af9b8bca68ffa2bc69f78ec0da9cf1fd -> 
  custom:SearchIndexIgnoredProperties: e643bd26f0fe6173181afceb89e7c659 -> 
  custom:AudioImporter_EditorPlatform: 3918e3fc78b5a79bad01e8451be0beb8 -> 
  custom:scripting/monoscript/fileName/MockRuntime.cs: 8e970d93da4762c7d57e9c9dd2b36dbb -> 
  custom:scripting/monoscript/fileName/OpenXRDevice.cs: 1b3be9b024fb29351711164fb0577202 -> 
  custom:scripting/monoscript/fileName/OpenXRUnityAPI.cs: 95d0f03221767acb8a4a43279af12154 -> 
  custom:scripting/monoscript/fileName/HTCViveControllerProfile.cs: 575b921c71649e99576a05f0add9cf5d -> 
  custom:scripting/monoscript/fileName/BootConfigBuilder.cs: a174d8870c7a69fabc7d42a75b0f23aa -> 
  custom:scripting/precompiled-assembly-types:Unity.XR.OpenXR.Features.RuntimeDebugger: 81fc02b8029ab9c0bce4eaa33a13e7d8 -> 
  custom:scripting/monoscript/fileName/OpenXRRenderSettings.cs: 90647cc400823b41df847a6cbfc29026 -> 
  custom:scripting/monoscript/fileName/EyeGazeInteraction.cs: dc1f12620c8656649cfc16f13969f5fa -> 
  custom:scripting/monoscript/fileName/OpenXRAnalytics.cs: 67d5de80ae8e3ee46bb1b4907783d54c -> 
  custom:scripting/monoscript/fileName/MicrosoftMotionControllerProfile.cs: 6dcaa2067404bed7771687f2f9dfa057 -> 
  custom:scripting/monoscript/fileName/OpenXRRestarter.cs: c236f3f43c026f409512d203b81e6184 -> 
  custom:scripting/monoscript/fileName/OpenXRFeatureAttribute.cs: 99305d666df750d87e7264e3c7ae4f2a -> 
  custom:scripting/monoscript/fileName/OpenXRLoaderNoPreInit.cs: 8f7a064e1e0bb6e17b9f5d171fe53dfc -> 
  custom:scripting/precompiled-assembly-types:Unity.XR.OpenXR.Features.ConformanceAutomation: daaea684d78afe5278ff971b66e0fbf9 -> 
  custom:scripting/monoscript/fileName/HandCommonPosesInteraction.cs: c984aa78f460c3bf39ec56bc9a0a414a -> 
  custom:scripting/monoscript/fileName/OpenXRDiagnosticReport.cs: f43e8307d90025ed39c346ed63d1208d -> 
  custom:scripting/monoscript/fileName/RuntimeDebuggerOpenXRFeatureEditor.cs: 26a9be57964b520d3a47d8c20db877e9 -> 
  custom:scripting/monoscript/fileName/PoseControl.cs: 4ff0d325328ef40fb1693e34ac3358bf -> 26044499bf9bfd77ab38d92d33de1d80
  custom:scripting/monoscript/fileName/OpenXRFeatureBuildHooks.cs: da31756dd3c74e69bcd7ed1a1983ed53 -> 
  custom:framework-osx-AVFoundation: e770b220cccbd017edd2c1fefb359320 -> 
  custom:scripting/monoscript/fileName/HPReverbG2ControllerProfile.cs: 6aadb5e22feaccfa77ef6db6c4d4541c -> 
  custom:video-encoder-webm-vp8: eb34c28f22e8b96e1ab97ce403110664 -> 
  custom:scripting/monoscript/fileName/BootConfig.cs: b2c4d54615a39b14509e601dd0f329ff -> 
  custom:audio-decoder-ogg-vorbis: bf7c407c2cedff20999df2af8eb42d56 -> 
  custom:scripting/precompiled-assembly-types:Unity.XR.OpenXR.Features.MetaQuestSupport: d273bae1c8d7007d6b0fe4b360a89ef1 -> 
  custom:scripting/monoscript/fileName/XrPerformanceSettingsFeature.cs: d323744d9bc61085862cbc785e1f985c -> 
  custom:scripting/monoscript/fileName/OpenXRPackageSettings.cs: 4f4aaba453bf105fb1c3c3d64247142d -> 
  custom:scripting/monoscript/fileName/ModifyAndroidManifestMeta.cs: 3b920058e4dd8cbdb95cce4af271f981 -> 
  custom:scripting/monoscript/fileName/OpenXRFeatureSetAttribute.cs: 9e20f05fe0a3688af8836175869f0bb7 -> 
  custom:scripting/monoscript/fileName/FoveatedRenderingFeature.cs: 3cd591174f2fee5d1b0d6a1875383a9b -> 
  custom:scripting/monoscript/fileName/HapticControl.cs: d7a5389cafde2a1337c58e2f0d91a837 -> 
  custom:scripting/monoscript/fileName/MetaQuestFeature.cs: b9c317336250afc5bb5fa2c2df269ea6 -> 
  custom:scripting/monoscript/fileName/XrPerformanceSettingsTypes.cs: 5bc9c5b4646eff91646254ce341c6683 -> 
  custom:scripting/monoscript/fileName/OpenXRRuntimeSelector.cs: 929d3ce28c815a19c6c335174420bf6b -> 
  custom:scripting/monoscript/fileName/OpenXRFeatureEditor.cs: 01dd3fecc4e9c7ce9fb6af5d0948ba2a -> 
  custom:scripting/monoscript/fileName/BuildHelperUtils.cs: 619773c3d1b7f3f0ca7461f5c27242a8 -> 
  custom:scripting/monoscript/fileName/HandInteractionProfile.cs: 9c7649bd495ee99cc73ddacbe0a8cd95 -> 
  custom:scripting/monoscript/fileName/ModifyAndroidManifestOculus.cs: 1d09740e7edd66fffc5895aae9e385d3 -> 
  custom:audio-encoder-webm-vorbis: bf7c407c2cedff20999df2af8eb42d56 -> 
  custom:scripting/monoscript/fileName/RuntimeDebuggerOpenXRFeature.cs: 8b269b64ad1c99e85d7f28185c15f7bb -> 
  custom:scripting/monoscript/fileName/MetaQuestFeatureBuildHooks.cs: 2ac755c66ffd4e4b7c22530386a7ba47 -> 
  custom:scripting/monoscript/fileName/OpenXRInput.cs: b351db87f98ee399e568b78e0ed353e3 -> 
  custom:scripting/monoscript/fileName/OpenXRInteractionFeature.cs: a60484418ad6b497996467bb6f98db73 -> 
  custom:scripting/monoscript/fileName/OpenXRSettings.cs: f8ff4c7422697fc56884f260233aaf86 -> 
  custom:scripting/monoscript/fileName/OpenXREditorSettings.cs: 321e3a8126bc4b0248cbcecf63892f31 -> 
  custom:scripting/monoscript/fileName/OpenXRProjectValidation.cs: 181508e149a91a64c6dfdc447b97c322 -> 
========================================================================
Received Prepare
Refreshing native plugins compatible for Editor in 2.12 ms, found 10 plugins.
Preloading 0 native plugins for Editor in 0.00 ms.
Unloading 1 Unused Serialized files (Serialized files now loaded: 0)
Unloading 1 unused Assets / (3.1 KB). Loaded Objects now: 5390.
Memory consumption went from 105.1 MB to 105.1 MB.
Total: 2.440958 ms (FindLiveObjects: 0.130584 ms CreateObjectMapping: 0.049875 ms MarkObjects: 2.249959 ms  DeleteObjects: 0.010167 ms)

Prepare: number of updated asset objects reloaded= 0
AssetImportParameters requested are different than current active one (requested -> active):
  custom:scripting/monoscript/fileName/DPadInteraction.cs: 93f85c8ba74c4199c8fc9b6e8c6fb8a6 -> 
  custom:scripting/monoscript/fileName/OpenXRFeatureSettingsEditor.cs: 46f7bc9b6667349416d592c92274a2cd -> 
  custom:container-demuxer-ogg: 62fdf1f143b41e24485cea50d1cbac27 -> 
  custom:scripting/monoscript/fileName/UWPCoreWindowBuildHooks.cs: 528ee0545204f8083d130ec04efc78bc -> 
  custom:scripting/monoscript/fileName/OpenXRLoaderBase.cs: 0b6a60b837fc38165e3eaf7aaf2bf3e3 -> 
  custom:scripting/monoscript/fileName/MetaQuestFeatureEditor.cs: fff340053bb2e94334d0d5989f2eb349 -> 
  custom:scripting/monoscript/fileName/PalmPoseInteraction.cs: 6bd25b6029acb9127f25748cb0b6d2a8 -> 
  custom:scripting/precompiled-assembly-types:Unity.XR.OpenXR.Editor: b2a8f17f09055950b7f19e2845cbc5c2 -> 
  custom:scripting/monoscript/fileName/MetaQuestTouchPlusControllerProfile.cs: 4b9439e11567c27c85546e11bafeabe7 -> 
  custom:scripting/monoscript/fileName/OpenXRRuntime.cs: c3a00f9ce6a0283dcb391b83637adf44 -> 
  custom:video-decoder-ogg-theora: a1e56fd34408186e4bbccfd4996cb3dc -> 
  custom:scripting/monoscript/fileName/MetaQuestTouchProControllerProfile.cs: 9fffae235d4c14901711127c7daeb86c -> 
  custom:scripting/monoscript/fileName/OpenXRConstants.cs: f878d042bd3999b796b9387b0c8a1032 -> 
  custom:scripting/monoscript/fileName/OpenXRFeatureUICommon.cs: 45f7a59cd9c5cd84e28e0f7a429879c2 -> 
  custom:scripting/precompiled-assembly-types:Unity.XR.OpenXR.Features.OculusQuestSupport.Editor: c62b8d05b94c435029ef9fc43d7261ca -> 
  custom:scripting/monoscript/fileName/OpenXRLoaderUI.cs: ebd8d704d5e26f054d43886c272cd005 -> 
  custom:scripting/monoscript/fileName/WaitForRestartFinish.cs: 0e76bf389cf347a5d8d6432ec661895f -> 
  custom:scripting/monoscript/fileName/OpenXRFeatureSettings.cs: 90647cc400823b41df847a6cbfc29026 -> 
  custom:scripting/monoscript/fileName/OpenXRBuildProcessor.cs: 48dc0e114f75799c0d74bafe70808189 -> 
  custom:scripting/monoscript/fileName/KHRSimpleControllerProfile.cs: bcdcb81587b2075f7af2f75706b9e69a -> 
  custom:scripting/monoscript/fileName/OpenXRFeatureInternal.cs: 90647cc400823b41df847a6cbfc29026 -> 
  custom:scripting/monoscript/fileName/OpenXRSpaceSettings.cs: 90647cc400823b41df847a6cbfc29026 -> 
  custom:scripting/monoscript/fileName/DPadInteractionCustomEditor.cs: d93785eeae2b4d41d39f603bd6f9849d -> 
  custom:scripting/precompiled-assembly-types:Unity.XR.OpenXR.Features.RuntimeDebugger.Editor: e1cc4b3ad1ade1a1503c3d79a1cfcaf0 -> 
  custom:scripting/monoscript/fileName/ConformanceAutomationFeature.cs: 97112e825fad9ed87f6a9c7acc231c0b -> 
  custom:scripting/monoscript/fileName/FeatureHelpers.cs: 0e8d07707daeed1da30b1605e903226b -> 
  custom:scripting/monoscript/fileName/DebuggerState.cs: 41070b7a08cc178a9ea51324cdaf5b81 -> 
  custom:scripting/precompiled-assembly-types:Unity.XR.OpenXR.Features.MetaQuestSupport.Editor: d29ebede884d38e464c8dad49331ddbf -> 
  custom:scripting/precompiled-assembly-types:Unity.XR.OpenXR.Features.OculusQuestSupport: d15f77eecb71f285045ab68c6a5ab3aa -> 
  custom:CustomObjectIndexerAttribute: 9a22284fe3817be447336de3de66b15e -> 
  custom:scripting/monoscript/fileName/OpenXRHmd.cs: 1624687aa096b40d58d149d9c6304cca -> 
  custom:scripting/monoscript/fileName/OpenXRMangementSettings.cs: 5a013b6c45b1e1d06085cb1496493b86 -> 
  custom:scripting/monoscript/fileName/OculusTouchControllerProfile.cs: 03df51b5c781d1980f509408bae72bc8 -> 
  custom:scripting/monoscript/fileName/OpenXRNativeTypes.cs: 11be60823314f621c1b0bb94bf4fe744 -> 
  custom:container-demuxer-webm: 4f35f7cbe854078d1ac9338744f61a02 -> 
  custom:scripting/monoscript/fileName/KnownFeatureSets.cs: 2cf391597f07a52473981e9cc2b41b67 -> 
  custom:scripting/precompiled-assembly-types:Unity.XR.OpenXR.Features.MockRuntime: e75d918d8106c27865ca5517b4bdd194 -> 
  custom:scripting/monoscript/fileName/OpenXRProjectValidationRulesSetup.cs: 63c520149123eced22b6028c5ebd9d08 -> 
  custom:scripting/monoscript/fileName/MicrosoftHandInteraction.cs: dac920740153b0163dda0f7e56920e40 -> 
  custom:scripting/monoscript/fileName/RuntimeDebuggerWindow.cs: 0bc1d5ee7ce2553d42d62861471f3c44 -> 
  custom:scripting/monoscript/fileName/PackageSettingsEditor.cs: 6212fddebb8f67c4da0f50592230839b -> 
  custom:scripting/monoscript/fileName/OpenXRFeature.cs: a84888103ea4406f238a41c42d12d002 -> 
  custom:container-muxer-webm: aa71ff27fc2769a1b78a27578f13a17b -> 
  custom:scripting/precompiled-assembly-types:Unity.XR.OpenXR: 6b540efea7d7bcf04b31853b4d2f54c0 -> 
  custom:scripting/monoscript/fileName/OpenXRLoader.cs: 2a03893d4aa4b960c2f49090b4b03a7b -> 
  custom:scripting/monoscript/fileName/ValveIndexControllerProfile.cs: f923b1771c835a70375d3505e818878d -> 
  custom:scripting/monoscript/fileName/OculusQuestFeatureEditor.cs: af70b82209b4cf6ce20a2da2892dfc5f -> 
  custom:video-decoder-webm-vp8: 9c59270c3fd7afecdb556c50c9e8de78 -> 
  custom:scripting/monoscript/fileName/OpenXRChooseRuntimeLibraries.cs: 3923c2f1337a35d737ad0192eb46b432 -> 
  custom:scripting/monoscript/fileName/OculusQuestFeature.cs: 041c3418dd65b8e99ca410c708996814 -> 
  custom:scripting/monoscript/fileName/OpenXRFeatureSetManager.cs: 4f340a53d115a7e1888d00ddc4cd614b -> 
  custom:scripting/monoscript/fileName/OpenXRColorSubmissonModeList.cs: 62c3c48199b3c893ece86757b75b0604 -> 
  custom:scripting/monoscript/fileName/OpenXRUtility.cs: af9b8bca68ffa2bc69f78ec0da9cf1fd -> 
  custom:SearchIndexIgnoredProperties: e643bd26f0fe6173181afceb89e7c659 -> 
  custom:AudioImporter_EditorPlatform: 3918e3fc78b5a79bad01e8451be0beb8 -> 
  custom:scripting/monoscript/fileName/MockRuntime.cs: 8e970d93da4762c7d57e9c9dd2b36dbb -> 
  custom:scripting/monoscript/fileName/OpenXRDevice.cs: 1b3be9b024fb29351711164fb0577202 -> 
  custom:scripting/monoscript/fileName/OpenXRUnityAPI.cs: 95d0f03221767acb8a4a43279af12154 -> 
  custom:scripting/monoscript/fileName/HTCViveControllerProfile.cs: 575b921c71649e99576a05f0add9cf5d -> 
  custom:scripting/monoscript/fileName/BootConfigBuilder.cs: a174d8870c7a69fabc7d42a75b0f23aa -> 
  custom:scripting/precompiled-assembly-types:Unity.XR.OpenXR.Features.RuntimeDebugger: 81fc02b8029ab9c0bce4eaa33a13e7d8 -> 
  custom:scripting/monoscript/fileName/OpenXRRenderSettings.cs: 90647cc400823b41df847a6cbfc29026 -> 
  custom:scripting/monoscript/fileName/EyeGazeInteraction.cs: dc1f12620c8656649cfc16f13969f5fa -> 
  custom:scripting/monoscript/fileName/OpenXRAnalytics.cs: 67d5de80ae8e3ee46bb1b4907783d54c -> 
  custom:scripting/monoscript/fileName/MicrosoftMotionControllerProfile.cs: 6dcaa2067404bed7771687f2f9dfa057 -> 
  custom:scripting/monoscript/fileName/OpenXRRestarter.cs: c236f3f43c026f409512d203b81e6184 -> 
  custom:scripting/monoscript/fileName/OpenXRFeatureAttribute.cs: 99305d666df750d87e7264e3c7ae4f2a -> 
  custom:scripting/monoscript/fileName/OpenXRLoaderNoPreInit.cs: 8f7a064e1e0bb6e17b9f5d171fe53dfc -> 
  custom:scripting/precompiled-assembly-types:Unity.XR.OpenXR.Features.ConformanceAutomation: daaea684d78afe5278ff971b66e0fbf9 -> 
  custom:scripting/monoscript/fileName/HandCommonPosesInteraction.cs: c984aa78f460c3bf39ec56bc9a0a414a -> 
  custom:scripting/monoscript/fileName/OpenXRDiagnosticReport.cs: f43e8307d90025ed39c346ed63d1208d -> 
  custom:scripting/monoscript/fileName/RuntimeDebuggerOpenXRFeatureEditor.cs: 26a9be57964b520d3a47d8c20db877e9 -> 
  custom:scripting/monoscript/fileName/PoseControl.cs: 4ff0d325328ef40fb1693e34ac3358bf -> 26044499bf9bfd77ab38d92d33de1d80
  custom:scripting/monoscript/fileName/OpenXRFeatureBuildHooks.cs: da31756dd3c74e69bcd7ed1a1983ed53 -> 
  custom:framework-osx-AVFoundation: e770b220cccbd017edd2c1fefb359320 -> 
  custom:scripting/monoscript/fileName/HPReverbG2ControllerProfile.cs: 6aadb5e22feaccfa77ef6db6c4d4541c -> 
  custom:video-encoder-webm-vp8: eb34c28f22e8b96e1ab97ce403110664 -> 
  custom:scripting/monoscript/fileName/BootConfig.cs: b2c4d54615a39b14509e601dd0f329ff -> 
  custom:audio-decoder-ogg-vorbis: bf7c407c2cedff20999df2af8eb42d56 -> 
  custom:scripting/precompiled-assembly-types:Unity.XR.OpenXR.Features.MetaQuestSupport: d273bae1c8d7007d6b0fe4b360a89ef1 -> 
  custom:scripting/monoscript/fileName/XrPerformanceSettingsFeature.cs: d323744d9bc61085862cbc785e1f985c -> 
  custom:scripting/monoscript/fileName/OpenXRPackageSettings.cs: 4f4aaba453bf105fb1c3c3d64247142d -> 
  custom:scripting/monoscript/fileName/ModifyAndroidManifestMeta.cs: 3b920058e4dd8cbdb95cce4af271f981 -> 
  custom:scripting/monoscript/fileName/OpenXRFeatureSetAttribute.cs: 9e20f05fe0a3688af8836175869f0bb7 -> 
  custom:scripting/monoscript/fileName/FoveatedRenderingFeature.cs: 3cd591174f2fee5d1b0d6a1875383a9b -> 
  custom:scripting/monoscript/fileName/HapticControl.cs: d7a5389cafde2a1337c58e2f0d91a837 -> 
  custom:scripting/monoscript/fileName/MetaQuestFeature.cs: b9c317336250afc5bb5fa2c2df269ea6 -> 
  custom:scripting/monoscript/fileName/XrPerformanceSettingsTypes.cs: 5bc9c5b4646eff91646254ce341c6683 -> 
  custom:scripting/monoscript/fileName/OpenXRRuntimeSelector.cs: 929d3ce28c815a19c6c335174420bf6b -> 
  custom:scripting/monoscript/fileName/OpenXRFeatureEditor.cs: 01dd3fecc4e9c7ce9fb6af5d0948ba2a -> 
  custom:scripting/monoscript/fileName/BuildHelperUtils.cs: 619773c3d1b7f3f0ca7461f5c27242a8 -> 
  custom:scripting/monoscript/fileName/HandInteractionProfile.cs: 9c7649bd495ee99cc73ddacbe0a8cd95 -> 
  custom:scripting/monoscript/fileName/ModifyAndroidManifestOculus.cs: 1d09740e7edd66fffc5895aae9e385d3 -> 
  custom:audio-encoder-webm-vorbis: bf7c407c2cedff20999df2af8eb42d56 -> 
  custom:scripting/monoscript/fileName/RuntimeDebuggerOpenXRFeature.cs: 8b269b64ad1c99e85d7f28185c15f7bb -> 
  custom:scripting/monoscript/fileName/MetaQuestFeatureBuildHooks.cs: 2ac755c66ffd4e4b7c22530386a7ba47 -> 
  custom:scripting/monoscript/fileName/OpenXRInput.cs: b351db87f98ee399e568b78e0ed353e3 -> 
  custom:scripting/monoscript/fileName/OpenXRInteractionFeature.cs: a60484418ad6b497996467bb6f98db73 -> 
  custom:scripting/monoscript/fileName/OpenXRSettings.cs: f8ff4c7422697fc56884f260233aaf86 -> 
  custom:scripting/monoscript/fileName/OpenXREditorSettings.cs: 321e3a8126bc4b0248cbcecf63892f31 -> 
  custom:scripting/monoscript/fileName/OpenXRProjectValidation.cs: 181508e149a91a64c6dfdc447b97c322 -> 
========================================================================
Received Prepare
Caller must complete domain reload
Begin MonoManager ReloadAssembly
Thread 0x16bc27000 may have been prematurely finalized
- Loaded All Assemblies, in  0.253 seconds
The file 'MemoryStream' is corrupted! Remove it and launch unity again!
[Position out of bounds!]
Fatal Error! The file 'MemoryStream' is corrupted! Remove it and launch unity again!
[Position out of bounds!]
Obtained 41 stack frames.
#0  0x00000191576a60 in __pthread_kill
#1  0x8c790001914bba20 in abort
#2  0xe864000106e883b0 in __cxx_global_var_init.3
#3  0x00000105a0491c in EditorMonoConsole::LogToConsoleImplementation(CppLogEntry&)
#4  0x00000105a04468 in EditorMonoConsole::LogToConsoleImplementation(DebugStringToFileData const&)
#5  0x00000105a05e10 in LogToConsoleImplementation(DebugStringToFileData const&)
#6  0x000001067c17ac in DebugStringToFilePostprocessedStacktrace(DebugStringToFileData const&)
#7  0x000001067c2094 in DebugStringToFile(DebugStringToFileData const&)
#8  0x00000104c8db00 in CachedReader::OutOfBoundsError(unsigned long, unsigned long)
#9  0x00000104c8dee4 in CachedReader::UpdateReadCache(void*, unsigned long)
#10 0x0000010500b44c in void Transfer_Blittable<StreamedBinaryRead, false, unsigned char>(SerializationCommandArguments const&, RuntimeSerializationCommandInfo&)
#11 0x00000104f9fa04 in void TransferScriptingObject<StreamedBinaryRead>(StreamedBinaryRead&, ScriptingObjectPtr, ScriptingClassPtr, SerializationCache::Data*&)::'lambda'(bool, bool)::operator()(bool, bool) const
#12 0x00000104f9f83c in void TransferScriptingObject<StreamedBinaryRead>(StreamedBinaryRead&, ScriptingObjectPtr, ScriptingClassPtr, SerializationCache::Data*&)
#13 0x00000104f9f394 in void SerializableManagedRefTransfer::TransferScriptingObjectWithSerializedRefSupport<StreamedBinaryRead>(Object*, SerializableManagedRef&, StreamedBinaryRead&)
#14 0x00000104faf2e8 in SerializableManagedRefTransfer::TransferBinaryInstanceOnly(Object*, SerializableManagedRef&, core::vector<unsigned char, 0ul>&, TransferInstructionFlags)
#15 0x00000104faf124 in void SerializableManagedRefTransfer::RestoreBackupImpl<SerializableManagedRefBackupGenerator>(Object*, SerializableManagedRef&, TransferInstructionFlags)
#16 0x0000010508cd78 in SerializableManagedRefsUtilities::RestoreBackups(DomainReloadingData const&)
#17 0x00000104f94184 in MonoManager::FinalizeReload()
#18 0x00000104f92e00 in MonoManager::ReloadAssembly(AssemblyLoadReason)
#19 0x00000105f4ca54 in LoadDomainAndUserAssemblies(AssemblyLoadReason)
#20 0x000001063c6fc4 in WorkerDomainReloadV2()
#21 0x0000010642dba4 in AssetImportWorkerClient::ReloadMonoDomain(AssetResolver&)
#22 0x00000106439640 in invocation function for block in AssetImportWorkerClient::HandleMessage(PrepareMessage const&)::$_4::operator()() const
#23 0x000001913fe3e8 in _dispatch_client_callout
#24 0x597880019140d9b0 in _dispatch_async_and_wait_invoke
#25 0x1c3d0001913fe3e8 in _dispatch_client_callout
#26 0x260f00019140cbb8 in _dispatch_main_queue_drain
#27 0x814a80019140c7cc in _dispatch_main_queue_callback_4CF
#28 0x1b6a0001916cf4ac in __CFRUNLOOP_IS_SERVICING_THE_MAIN_DISPATCH_QUEUE__
#29 0x537080019168cc30 in __CFRunLoopRun
#30 0xfe2d00019168be0c in CFRunLoopRunSpecific
#31 0xd40800019be27000 in RunCurrentEventLoopInMode
#32 0xca0500019be26e3c in ReceiveNextEventCommon
#33 0xfa0900019be26b94 in _BlockUntilNextEventMatchingListInModeWithFilter
#34 0xe549800194ee4970 in _DPSNextEvent
#35 0xce788001956d6dec in -[NSApplication(NSEventRouting) _nextEventMatchingEventMask:untilDate:inMode:dequeue:]
#36 0x5f03000194ed7cb8 in -[NSApplication run]
#37 0xa853800194eaef54 in NSApplicationMain
#38 0xab45800106eac908 in EditorMain(int, char const**)
#39 0x00000106eacc34 in main
#40 0x000001912260e0 in start
